#! /usr/bin/vvp
:ivl_version "12.0 (stable)";
:ivl_delay_selection "TYPICAL";
:vpi_time_precision - 12;
:vpi_module "/usr/lib64/ivl/system.vpi";
:vpi_module "/usr/lib64/ivl/vhdl_sys.vpi";
:vpi_module "/usr/lib64/ivl/vhdl_textio.vpi";
:vpi_module "/usr/lib64/ivl/v2005_math.vpi";
:vpi_module "/usr/lib64/ivl/va_math.vpi";
:vpi_module "/usr/lib64/ivl/v2009.vpi";
S_0x5645d0098b90 .scope package, "$unit" "$unit" 2 1;
 .timescale 0 0;
S_0x5645d0098d20 .scope module, "protocol_tb_fsm" "protocol_tb_fsm" 3 4;
 .timescale -9 -12;
v0x5645d00c0260_0 .var "clk", 0 0;
v0x5645d00c0320_0 .net "dout", 0 0, v0x5645d00bfe90_0;  1 drivers
v0x5645d00c03c0_0 .var "in", 0 0;
v0x5645d00c0460_0 .var "rstn", 0 0;
S_0x5645d00a02c0 .scope module, "dut" "protocol_fsm" 3 11, 4 3 0, S_0x5645d0098d20;
 .timescale -9 -12;
    .port_info 0 /INPUT 1 "clk";
    .port_info 1 /INPUT 1 "rstn";
    .port_info 2 /INPUT 1 "in";
    .port_info 3 /OUTPUT 1 "dout";
enum0x5645d0080170 .enum4 (2)
   "IDLE" 2'b00,
   "SEND" 2'b01,
   "WAIT" 2'b10,
   "DONE" 2'b11
 ;
v0x5645d0099550_0 .net "clk", 0 0, v0x5645d00c0260_0;  1 drivers
v0x5645d00bfdb0_0 .var "cur_state", 1 0;
v0x5645d00bfe90_0 .var "dout", 0 0;
v0x5645d00bff30_0 .net "in", 0 0, v0x5645d00c03c0_0;  1 drivers
v0x5645d00bfff0_0 .var "next_state", 1 0;
v0x5645d00c0120_0 .net "rstn", 0 0, v0x5645d00c0460_0;  1 drivers
E_0x5645d0094d40 .event anyedge, v0x5645d00bfdb0_0;
E_0x5645d00802b0 .event anyedge, v0x5645d00bfdb0_0, v0x5645d00bff30_0;
E_0x5645d0080100/0 .event negedge, v0x5645d00c0120_0;
E_0x5645d0080100/1 .event posedge, v0x5645d0099550_0;
E_0x5645d0080100 .event/or E_0x5645d0080100/0, E_0x5645d0080100/1;
    .scope S_0x5645d00a02c0;
T_0 ;
    %wait E_0x5645d0080100;
    %load/vec4 v0x5645d00c0120_0;
    %nor/r;
    %flag_set/vec4 8;
    %jmp/0xz  T_0.0, 8;
    %pushi/vec4 0, 0, 2;
    %assign/vec4 v0x5645d00bfdb0_0, 0;
    %jmp T_0.1;
T_0.0 ;
    %load/vec4 v0x5645d00bfff0_0;
    %assign/vec4 v0x5645d00bfdb0_0, 0;
T_0.1 ;
    %jmp T_0;
    .thread T_0;
    .scope S_0x5645d00a02c0;
T_1 ;
Ewait_0 .event/or E_0x5645d00802b0, E_0x0;
    %wait Ewait_0;
    %load/vec4 v0x5645d00bfdb0_0;
    %store/vec4 v0x5645d00bfff0_0, 0, 2;
    %load/vec4 v0x5645d00bfdb0_0;
    %dup/vec4;
    %pushi/vec4 0, 0, 2;
    %cmp/u;
    %jmp/1 T_1.0, 6;
    %dup/vec4;
    %pushi/vec4 1, 0, 2;
    %cmp/u;
    %jmp/1 T_1.1, 6;
    %dup/vec4;
    %pushi/vec4 2, 0, 2;
    %cmp/u;
    %jmp/1 T_1.2, 6;
    %dup/vec4;
    %pushi/vec4 3, 0, 2;
    %cmp/u;
    %jmp/1 T_1.3, 6;
    %pushi/vec4 0, 0, 2;
    %store/vec4 v0x5645d00bfff0_0, 0, 2;
    %jmp T_1.5;
T_1.0 ;
    %load/vec4 v0x5645d00bff30_0;
    %flag_set/vec4 8;
    %jmp/0xz  T_1.6, 8;
    %pushi/vec4 1, 0, 2;
    %store/vec4 v0x5645d00bfff0_0, 0, 2;
T_1.6 ;
    %jmp T_1.5;
T_1.1 ;
    %pushi/vec4 2, 0, 2;
    %store/vec4 v0x5645d00bfff0_0, 0, 2;
    %jmp T_1.5;
T_1.2 ;
    %load/vec4 v0x5645d00bff30_0;
    %nor/r;
    %flag_set/vec4 8;
    %jmp/0xz  T_1.8, 8;
    %pushi/vec4 3, 0, 2;
    %store/vec4 v0x5645d00bfff0_0, 0, 2;
T_1.8 ;
    %jmp T_1.5;
T_1.3 ;
    %pushi/vec4 0, 0, 2;
    %store/vec4 v0x5645d00bfff0_0, 0, 2;
    %jmp T_1.5;
T_1.5 ;
    %pop/vec4 1;
    %jmp T_1;
    .thread T_1, $push;
    .scope S_0x5645d00a02c0;
T_2 ;
Ewait_1 .event/or E_0x5645d0094d40, E_0x0;
    %wait Ewait_1;
    %pushi/vec4 0, 0, 1;
    %store/vec4 v0x5645d00bfe90_0, 0, 1;
    %load/vec4 v0x5645d00bfdb0_0;
    %dup/vec4;
    %pushi/vec4 1, 0, 2;
    %cmp/u;
    %jmp/1 T_2.0, 6;
    %pushi/vec4 0, 0, 1;
    %store/vec4 v0x5645d00bfe90_0, 0, 1;
    %jmp T_2.2;
T_2.0 ;
    %pushi/vec4 1, 0, 1;
    %store/vec4 v0x5645d00bfe90_0, 0, 1;
    %jmp T_2.2;
T_2.2 ;
    %pop/vec4 1;
    %jmp T_2;
    .thread T_2, $push;
    .scope S_0x5645d0098d20;
T_3 ;
    %pushi/vec4 0, 0, 1;
    %store/vec4 v0x5645d00c0260_0, 0, 1;
    %end;
    .thread T_3;
    .scope S_0x5645d0098d20;
T_4 ;
    %delay 5000, 0;
    %load/vec4 v0x5645d00c0260_0;
    %inv;
    %store/vec4 v0x5645d00c0260_0, 0, 1;
    %jmp T_4;
    .thread T_4;
    .scope S_0x5645d0098d20;
T_5 ;
    %vpi_call/w 3 24 "$dumpfile", "fsm.vcd" {0 0 0};
    %vpi_call/w 3 25 "$dumpvars", 32'sb00000000000000000000000000000000, S_0x5645d0098d20 {0 0 0};
    %end;
    .thread T_5;
    .scope S_0x5645d0098d20;
T_6 ;
    %pushi/vec4 0, 0, 1;
    %store/vec4 v0x5645d00c0460_0, 0, 1;
    %pushi/vec4 0, 0, 1;
    %store/vec4 v0x5645d00c03c0_0, 0, 1;
    %delay 20000, 0;
    %pushi/vec4 1, 0, 1;
    %store/vec4 v0x5645d00c0460_0, 0, 1;
    %delay 10000, 0;
    %pushi/vec4 1, 0, 1;
    %store/vec4 v0x5645d00c03c0_0, 0, 1;
    %delay 20000, 0;
    %pushi/vec4 0, 0, 1;
    %store/vec4 v0x5645d00c03c0_0, 0, 1;
    %delay 20000, 0;
    %delay 20000, 0;
    %pushi/vec4 1, 0, 1;
    %store/vec4 v0x5645d00c03c0_0, 0, 1;
    %delay 40000, 0;
    %pushi/vec4 0, 0, 1;
    %store/vec4 v0x5645d00c03c0_0, 0, 1;
    %delay 40000, 0;
    %vpi_call/w 3 58 "$finish" {0 0 0};
    %end;
    .thread T_6;
    .scope S_0x5645d0098d20;
T_7 ;
    %vpi_call/w 3 63 "$display", " time | rst in | dout " {0 0 0};
    %vpi_call/w 3 64 "$monitor", "%4t |  %0b   %0b  |  %0b", $time, v0x5645d00c0460_0, v0x5645d00c03c0_0, v0x5645d00c0320_0 {0 0 0};
    %end;
    .thread T_7;
# The file index is used to find the file name in the following table.
:file_names 5;
    "N/A";
    "<interactive>";
    "-";
    "/home/alkaleus/rtl-kernel-stack/rtl/fsm/protocol_tb_fsm.sv";
    "/home/alkaleus/rtl-kernel-stack/rtl/fsm/protocol_fsm.sv";
